  [1m[35m (2.0ms)[0m  [1m[34mSELECT sqlite_version(*)[0m
  [1m[35m (0.1ms)[0m  [1m[34mSELECT sqlite_version(*)[0m
  [1m[35m (2.3ms)[0m  [1m[34mSELECT sqlite_version(*)[0m
  [1m[35m (1.1ms)[0m  [1m[35mCREATE TABLE "schema_migrations" ("version" varchar NOT NULL PRIMARY KEY)[0m
  [1m[35m (1.2ms)[0m  [1m[35mCREATE TABLE "ar_internal_metadata" ("key" varchar NOT NULL PRIMARY KEY, "value" varchar, "created_at" datetime(6) NOT NULL, "updated_at" datetime(6) NOT NULL)[0m
  [1m[35m (0.1ms)[0m  [1m[34mSELECT "schema_migrations"."version" FROM "schema_migrations" ORDER BY "schema_migrations"."version" ASC[0m
Migrating to CreateUsers (20200119203500)
  [1m[35m (0.1ms)[0m  [1m[36mbegin transaction[0m
  [1m[35m (0.3ms)[0m  [1m[35mCREATE TABLE "users" ("id" integer PRIMARY KEY AUTOINCREMENT NOT NULL, "email" varchar, "active" boolean, "created_at" datetime(6) NOT NULL, "updated_at" datetime(6) NOT NULL)[0m
  [1m[36mprimary::SchemaMigration Create (0.1ms)[0m  [1m[32mINSERT INTO "schema_migrations" ("version") VALUES (?)[0m  [["version", "20200119203500"]]
  [1m[35m (0.8ms)[0m  [1m[36mcommit transaction[0m
  [1m[36mActiveRecord::InternalMetadata Load (0.1ms)[0m  [1m[34mSELECT "ar_internal_metadata".* FROM "ar_internal_metadata" WHERE "ar_internal_metadata"."key" = ? LIMIT ?[0m  [["key", "environment"], ["LIMIT", 1]]
  [1m[35m (0.0ms)[0m  [1m[36mbegin transaction[0m
  [1m[36mActiveRecord::InternalMetadata Create (0.2ms)[0m  [1m[32mINSERT INTO "ar_internal_metadata" ("key", "value", "created_at", "updated_at") VALUES (?, ?, ?, ?)[0m  [["key", "environment"], ["value", "development"], ["created_at", "2020-01-19 20:35:32.910943"], ["updated_at", "2020-01-19 20:35:32.910943"]]
  [1m[35m (0.6ms)[0m  [1m[36mcommit transaction[0m
  [1m[35m (0.0ms)[0m  [1m[34mSELECT sqlite_version(*)[0m
  [1m[35m (0.1ms)[0m  [1m[34mSELECT "schema_migrations"."version" FROM "schema_migrations" ORDER BY "schema_migrations"."version" ASC[0m
  [1m[35m (1.0ms)[0m  [1m[34mSELECT sqlite_version(*)[0m
  [1m[35m (0.2ms)[0m  [1m[34mSELECT "schema_migrations"."version" FROM "schema_migrations" ORDER BY "schema_migrations"."version" ASC[0m
Migrating to CreateTasks (20200119203618)
  [1m[35m (0.1ms)[0m  [1m[36mbegin transaction[0m
  [1m[35m (0.4ms)[0m  [1m[35mCREATE TABLE "tasks" ("id" integer PRIMARY KEY AUTOINCREMENT NOT NULL, "name" varchar, "priority" integer, "completed_at" datetime, "created_at" datetime(6) NOT NULL, "updated_at" datetime(6) NOT NULL)[0m
  [1m[36mprimary::SchemaMigration Create (0.2ms)[0m  [1m[32mINSERT INTO "schema_migrations" ("version") VALUES (?)[0m  [["version", "20200119203618"]]
  [1m[35m (1.1ms)[0m  [1m[36mcommit transaction[0m
  [1m[36mActiveRecord::InternalMetadata Load (0.2ms)[0m  [1m[34mSELECT "ar_internal_metadata".* FROM "ar_internal_metadata" WHERE "ar_internal_metadata"."key" = ? LIMIT ?[0m  [["key", "environment"], ["LIMIT", 1]]
  [1m[35m (0.0ms)[0m  [1m[34mSELECT sqlite_version(*)[0m
  [1m[35m (0.1ms)[0m  [1m[34mSELECT "schema_migrations"."version" FROM "schema_migrations" ORDER BY "schema_migrations"."version" ASC[0m
Started GET "/" for ::1 at 2020-01-19 12:38:23 -0800
  [1m[35m (1.0ms)[0m  [1m[34mSELECT sqlite_version(*)[0m
  [1m[35m (0.2ms)[0m  [1m[34mSELECT "schema_migrations"."version" FROM "schema_migrations" ORDER BY "schema_migrations"."version" ASC[0m
Processing by Rails::WelcomeController#index as HTML
  Rendering /Users/phillipmaceachron/.rvm/gems/ruby-2.6.3/gems/railties-6.0.2.1/lib/rails/templates/rails/welcome/index.html.erb
  Rendered /Users/phillipmaceachron/.rvm/gems/ruby-2.6.3/gems/railties-6.0.2.1/lib/rails/templates/rails/welcome/index.html.erb (Duration: 16.1ms | Allocations: 481)
Completed 200 OK in 42ms (Views: 27.2ms | ActiveRecord: 0.0ms | Allocations: 2963)


Started GET "/user/new" for ::1 at 2020-01-19 12:38:31 -0800
  
ActionController::RoutingError (No route matches [GET] "/user/new"):
  
actionpack (6.0.2.1) lib/action_dispatch/middleware/debug_exceptions.rb:36:in `call'
web-console (4.0.1) lib/web_console/middleware.rb:132:in `call_app'
web-console (4.0.1) lib/web_console/middleware.rb:28:in `block in call'
web-console (4.0.1) lib/web_console/middleware.rb:17:in `catch'
web-console (4.0.1) lib/web_console/middleware.rb:17:in `call'
actionpack (6.0.2.1) lib/action_dispatch/middleware/show_exceptions.rb:33:in `call'
railties (6.0.2.1) lib/rails/rack/logger.rb:38:in `call_app'
railties (6.0.2.1) lib/rails/rack/logger.rb:26:in `block in call'
activesupport (6.0.2.1) lib/active_support/tagged_logging.rb:80:in `block in tagged'
activesupport (6.0.2.1) lib/active_support/tagged_logging.rb:28:in `tagged'
activesupport (6.0.2.1) lib/active_support/tagged_logging.rb:80:in `tagged'
railties (6.0.2.1) lib/rails/rack/logger.rb:26:in `call'
sprockets-rails (3.2.1) lib/sprockets/rails/quiet_assets.rb:13:in `call'
actionpack (6.0.2.1) lib/action_dispatch/middleware/remote_ip.rb:81:in `call'
actionpack (6.0.2.1) lib/action_dispatch/middleware/request_id.rb:27:in `call'
rack (2.1.1) lib/rack/method_override.rb:24:in `call'
rack (2.1.1) lib/rack/runtime.rb:24:in `call'
activesupport (6.0.2.1) lib/active_support/cache/strategy/local_cache_middleware.rb:29:in `call'
actionpack (6.0.2.1) lib/action_dispatch/middleware/executor.rb:14:in `call'
actionpack (6.0.2.1) lib/action_dispatch/middleware/static.rb:126:in `call'
rack (2.1.1) lib/rack/sendfile.rb:113:in `call'
actionpack (6.0.2.1) lib/action_dispatch/middleware/host_authorization.rb:83:in `call'
webpacker (4.2.2) lib/webpacker/dev_server_proxy.rb:23:in `perform_request'
rack-proxy (0.6.5) lib/rack/proxy.rb:57:in `call'
railties (6.0.2.1) lib/rails/engine.rb:526:in `call'
puma (4.3.1) lib/puma/configuration.rb:228:in `call'
puma (4.3.1) lib/puma/server.rb:681:in `handle_request'
puma (4.3.1) lib/puma/server.rb:472:in `process_client'
puma (4.3.1) lib/puma/server.rb:328:in `block in run'
puma (4.3.1) lib/puma/thread_pool.rb:134:in `block in spawn_thread'
Started GET "/users/new" for ::1 at 2020-01-19 12:38:37 -0800
Processing by UsersController#new as HTML
  Rendering users/new.html.erb within layouts/application
  Rendered users/_form.html.erb (Duration: 30.8ms | Allocations: 5380)
  Rendered users/new.html.erb within layouts/application (Duration: 32.6ms | Allocations: 5735)
[Webpacker] Compiling...
[Webpacker] Compiled all packs in /Users/phillipmaceachron/Ruby/mod3/rails-mini-course-sprint1-mod3-student--starter/rails_basics/public/packs
[Webpacker] Hash: 53154d7baad00c6a1252
Version: webpack 4.41.5
Time: 1421ms
Built at: 01/19/2020 12:38:40 PM
                                     Asset       Size       Chunks                         Chunk Names
    js/application-0b67a3cc2fcde6055024.js    124 KiB  application  [emitted] [immutable]  application
js/application-0b67a3cc2fcde6055024.js.map    139 KiB  application  [emitted] [dev]        application
                             manifest.json  364 bytes               [emitted]              
Entrypoint application = js/application-0b67a3cc2fcde6055024.js js/application-0b67a3cc2fcde6055024.js.map
[./app/javascript/channels sync recursive _channel\.js$] ./app/javascript/channels sync _channel\.js$ 160 bytes {application} [built]
[./app/javascript/channels/index.js] 211 bytes {application} [built]
[./app/javascript/packs/application.js] 749 bytes {application} [built]
[./node_modules/webpack/buildin/module.js] (webpack)/buildin/module.js 552 bytes {application} [built]
    + 3 hidden modules

Completed 200 OK in 3108ms (Views: 3099.7ms | ActiveRecord: 0.6ms | Allocations: 35244)


Started POST "/users" for ::1 at 2020-01-19 12:39:21 -0800
Processing by UsersController#create as HTML
  Parameters: {"authenticity_token"=>"HzEeuos70TqW1CMGK1mRIKPHYqFnWWLuPi8sYrgCQS6/4KOrLTAAejx6E0yjhHKCWRO2TJCBRyOZqevct8Gdkg==", "user"=>{"email"=>"p.m@email.com", "active"=>"1"}, "commit"=>"Create User"}
  [1m[35m (0.1ms)[0m  [1m[36mbegin transaction[0m
  ↳ app/controllers/users_controller.rb:30:in `block in create'
  [1m[36mUser Create (0.6ms)[0m  [1m[32mINSERT INTO "users" ("email", "active", "created_at", "updated_at") VALUES (?, ?, ?, ?)[0m  [["email", "p.m@email.com"], ["active", 1], ["created_at", "2020-01-19 20:39:21.441487"], ["updated_at", "2020-01-19 20:39:21.441487"]]
  ↳ app/controllers/users_controller.rb:30:in `block in create'
  [1m[35m (0.8ms)[0m  [1m[36mcommit transaction[0m
  ↳ app/controllers/users_controller.rb:30:in `block in create'
Redirected to http://localhost:3000/users/1
Completed 302 Found in 7ms (ActiveRecord: 1.4ms | Allocations: 2760)


Started GET "/users/1" for ::1 at 2020-01-19 12:39:21 -0800
Processing by UsersController#show as HTML
  Parameters: {"id"=>"1"}
  [1m[36mUser Load (0.2ms)[0m  [1m[34mSELECT "users".* FROM "users" WHERE "users"."id" = ? LIMIT ?[0m  [["id", 1], ["LIMIT", 1]]
  ↳ app/controllers/users_controller.rb:67:in `set_user'
  Rendering users/show.html.erb within layouts/application
  Rendered users/show.html.erb within layouts/application (Duration: 1.7ms | Allocations: 270)
[Webpacker] Everything's up-to-date. Nothing to do
Completed 200 OK in 13ms (Views: 9.1ms | ActiveRecord: 0.2ms | Allocations: 5349)


Started GET "/users" for ::1 at 2020-01-19 12:43:00 -0800
Processing by UsersController#index as HTML
  Rendering users/index.html.erb within layouts/application
  [1m[36mUser Load (0.2ms)[0m  [1m[34mSELECT "users".* FROM "users"[0m
  ↳ app/views/users/index.html.erb:15
  Rendered users/index.html.erb within layouts/application (Duration: 2.4ms | Allocations: 1025)
[Webpacker] Everything's up-to-date. Nothing to do
Completed 200 OK in 9ms (Views: 8.2ms | ActiveRecord: 0.2ms | Allocations: 5147)


Started GET "/tasks" for ::1 at 2020-01-19 12:43:09 -0800
Processing by TasksController#index as HTML
  Rendering tasks/index.html.erb within layouts/application
  [1m[36mTask Load (0.2ms)[0m  [1m[34mSELECT "tasks".* FROM "tasks"[0m
  ↳ app/views/tasks/index.html.erb:16
  Rendered tasks/index.html.erb within layouts/application (Duration: 2.8ms | Allocations: 1241)
[Webpacker] Everything's up-to-date. Nothing to do
Completed 200 OK in 12ms (Views: 10.3ms | ActiveRecord: 0.4ms | Allocations: 6058)


Started GET "/tasks/new" for ::1 at 2020-01-19 12:43:14 -0800
Processing by TasksController#new as HTML
  Rendering tasks/new.html.erb within layouts/application
  Rendered tasks/_form.html.erb (Duration: 18.8ms | Allocations: 4290)
  Rendered tasks/new.html.erb within layouts/application (Duration: 20.3ms | Allocations: 4631)
[Webpacker] Everything's up-to-date. Nothing to do
Completed 200 OK in 32ms (Views: 26.8ms | ActiveRecord: 0.3ms | Allocations: 12207)


Started POST "/tasks" for ::1 at 2020-01-19 12:43:34 -0800
Processing by TasksController#create as HTML
  Parameters: {"authenticity_token"=>"EtFEoDQcqTPv0DMY1/9QFk2H4e9fcclufAgxm/rjXzuyAPmxkhd4c0V+A1JfIrO0t1M1Aqip7KPbjvYl9SCDhw==", "task"=>{"name"=>"Watch video about CRUD", "priority"=>"8", "completed_at(1i)"=>"2020", "completed_at(2i)"=>"1", "completed_at(3i)"=>"19", "completed_at(4i)"=>"20", "completed_at(5i)"=>"43"}, "commit"=>"Create Task"}
  [1m[35m (0.1ms)[0m  [1m[36mbegin transaction[0m
  ↳ app/controllers/tasks_controller.rb:30:in `block in create'
  [1m[36mTask Create (0.4ms)[0m  [1m[32mINSERT INTO "tasks" ("name", "priority", "completed_at", "created_at", "updated_at") VALUES (?, ?, ?, ?, ?)[0m  [["name", "Watch video about CRUD"], ["priority", 8], ["completed_at", "2020-01-19 20:43:00"], ["created_at", "2020-01-19 20:43:34.580459"], ["updated_at", "2020-01-19 20:43:34.580459"]]
  ↳ app/controllers/tasks_controller.rb:30:in `block in create'
  [1m[35m (0.9ms)[0m  [1m[36mcommit transaction[0m
  ↳ app/controllers/tasks_controller.rb:30:in `block in create'
Redirected to http://localhost:3000/tasks/1
Completed 302 Found in 5ms (ActiveRecord: 1.3ms | Allocations: 2741)


Started GET "/tasks/1" for ::1 at 2020-01-19 12:43:34 -0800
Processing by TasksController#show as HTML
  Parameters: {"id"=>"1"}
  [1m[36mTask Load (0.2ms)[0m  [1m[34mSELECT "tasks".* FROM "tasks" WHERE "tasks"."id" = ? LIMIT ?[0m  [["id", 1], ["LIMIT", 1]]
  ↳ app/controllers/tasks_controller.rb:67:in `set_task'
  Rendering tasks/show.html.erb within layouts/application
  Rendered tasks/show.html.erb within layouts/application (Duration: 1.6ms | Allocations: 308)
[Webpacker] Everything's up-to-date. Nothing to do
Completed 200 OK in 10ms (Views: 8.0ms | ActiveRecord: 0.2ms | Allocations: 5062)


Started GET "/tasks" for ::1 at 2020-01-19 12:43:38 -0800
Processing by TasksController#index as HTML
  Rendering tasks/index.html.erb within layouts/application
  [1m[36mTask Load (0.1ms)[0m  [1m[34mSELECT "tasks".* FROM "tasks"[0m
  ↳ app/views/tasks/index.html.erb:16
  Rendered tasks/index.html.erb within layouts/application (Duration: 1.4ms | Allocations: 751)
[Webpacker] Everything's up-to-date. Nothing to do
Completed 200 OK in 8ms (Views: 7.8ms | ActiveRecord: 0.1ms | Allocations: 4726)


Started GET "/users" for ::1 at 2020-01-19 14:05:50 -0800
  [1m[35m (0.1ms)[0m  [1m[34mSELECT sqlite_version(*)[0m
Processing by UsersController#index as HTML
  Rendering users/index.html.erb within layouts/application
  [1m[36mUser Load (0.2ms)[0m  [1m[34mSELECT "users".* FROM "users"[0m
  ↳ app/views/users/index.html.erb:15
  Rendered users/index.html.erb within layouts/application (Duration: 4.5ms | Allocations: 3765)
[Webpacker] Everything's up-to-date. Nothing to do
Completed 200 OK in 15ms (Views: 10.6ms | ActiveRecord: 0.2ms | Allocations: 8254)


Started GET "/users/1/edit" for ::1 at 2020-01-19 14:05:53 -0800
Processing by UsersController#edit as HTML
  Parameters: {"id"=>"1"}
  [1m[36mUser Load (0.2ms)[0m  [1m[34mSELECT "users".* FROM "users" WHERE "users"."id" = ? LIMIT ?[0m  [["id", 1], ["LIMIT", 1]]
  ↳ app/controllers/users_controller.rb:67:in `set_user'
  Rendering users/edit.html.erb within layouts/application
  Rendered users/_form.html.erb (Duration: 1.3ms | Allocations: 802)
  Rendered users/edit.html.erb within layouts/application (Duration: 3.2ms | Allocations: 1061)
[Webpacker] Everything's up-to-date. Nothing to do
Completed 200 OK in 21ms (Views: 8.8ms | ActiveRecord: 0.2ms | Allocations: 5785)


Started PATCH "/users/1" for ::1 at 2020-01-19 14:05:57 -0800
Processing by UsersController#update as HTML
  Parameters: {"authenticity_token"=>"rZrvRdqrJAeL54A7Rd0X7Kx0E1g10KaIsu3eE/QTOAoJPj2yNuD62tBOoCzmnRtGdq43HhBG7wTHUlRCpmHFRA==", "user"=>{"email"=>"p.m@email.comm", "active"=>"1"}, "commit"=>"Update User", "id"=>"1"}
  [1m[36mUser Load (0.1ms)[0m  [1m[34mSELECT "users".* FROM "users" WHERE "users"."id" = ? LIMIT ?[0m  [["id", 1], ["LIMIT", 1]]
  ↳ app/controllers/users_controller.rb:67:in `set_user'
  [1m[35m (0.1ms)[0m  [1m[36mbegin transaction[0m
  ↳ app/controllers/users_controller.rb:44:in `block in update'
  [1m[36mUser Update (0.3ms)[0m  [1m[33mUPDATE "users" SET "email" = ?, "updated_at" = ? WHERE "users"."id" = ?[0m  [["email", "p.m@email.comm"], ["updated_at", "2020-01-19 22:05:57.079307"], ["id", 1]]
  ↳ app/controllers/users_controller.rb:44:in `block in update'
  [1m[35m (0.8ms)[0m  [1m[36mcommit transaction[0m
  ↳ app/controllers/users_controller.rb:44:in `block in update'
Redirected to http://localhost:3000/users/1
Completed 302 Found in 5ms (ActiveRecord: 1.3ms | Allocations: 3183)


Started GET "/users/1" for ::1 at 2020-01-19 14:05:57 -0800
Processing by UsersController#show as HTML
  Parameters: {"id"=>"1"}
  [1m[36mUser Load (0.1ms)[0m  [1m[34mSELECT "users".* FROM "users" WHERE "users"."id" = ? LIMIT ?[0m  [["id", 1], ["LIMIT", 1]]
  ↳ app/controllers/users_controller.rb:67:in `set_user'
  Rendering users/show.html.erb within layouts/application
  Rendered users/show.html.erb within layouts/application (Duration: 0.2ms | Allocations: 86)
[Webpacker] Everything's up-to-date. Nothing to do
Completed 200 OK in 7ms (Views: 5.8ms | ActiveRecord: 0.1ms | Allocations: 4580)


Started GET "/users" for ::1 at 2020-01-19 14:05:59 -0800
Processing by UsersController#index as HTML
  Rendering users/index.html.erb within layouts/application
  [1m[36mUser Load (0.1ms)[0m  [1m[34mSELECT "users".* FROM "users"[0m
  ↳ app/views/users/index.html.erb:15
  Rendered users/index.html.erb within layouts/application (Duration: 1.3ms | Allocations: 729)
[Webpacker] Everything's up-to-date. Nothing to do
Completed 200 OK in 16ms (Views: 15.4ms | ActiveRecord: 0.1ms | Allocations: 4708)


Started GET "/users" for ::1 at 2020-01-19 14:06:10 -0800
  [1m[35m (0.1ms)[0m  [1m[34mSELECT sqlite_version(*)[0m
Processing by UsersController#index as HTML
  Rendering users/index.html.erb within layouts/application
  [1m[36mUser Load (0.1ms)[0m  [1m[34mSELECT "users".* FROM "users"[0m
  ↳ app/views/users/index.html.erb:15
  Rendered users/index.html.erb within layouts/application (Duration: 5.1ms | Allocations: 4086)
[Webpacker] Everything's up-to-date. Nothing to do
Completed 200 OK in 12ms (Views: 10.7ms | ActiveRecord: 0.6ms | Allocations: 8611)


Started GET "/users/1/edit" for ::1 at 2020-01-19 14:06:13 -0800
Processing by UsersController#edit as HTML
  Parameters: {"id"=>"1"}
  Rendering users/edit.html.erb within layouts/application
  Rendered users/_form.html.erb (Duration: 1.4ms | Allocations: 1437)
  Rendered users/edit.html.erb within layouts/application (Duration: 1.6ms | Allocations: 1504)
Completed 500 Internal Server Error in 3ms (ActiveRecord: 0.0ms | Allocations: 1961)


  
ActionView::Template::Error (undefined method `errors' for nil:NilClass):
    1: <%= form_with(model: user, local: true) do |form| %>
    2:   <% if user.errors.any? %>
    3:     <div id="error_explanation">
    4:       <h2><%= pluralize(user.errors.count, "error") %> prohibited this user from being saved:</h2>
    5: 
  
app/views/users/_form.html.erb:2
app/views/users/_form.html.erb:1
app/views/users/edit.html.erb:3
Started GET "/users" for ::1 at 2020-01-19 14:06:16 -0800
Processing by UsersController#index as HTML
  Rendering users/index.html.erb within layouts/application
  [1m[36mUser Load (0.1ms)[0m  [1m[34mSELECT "users".* FROM "users"[0m
  ↳ app/views/users/index.html.erb:15
  Rendered users/index.html.erb within layouts/application (Duration: 1.2ms | Allocations: 727)
[Webpacker] Everything's up-to-date. Nothing to do
Completed 200 OK in 8ms (Views: 7.1ms | ActiveRecord: 0.1ms | Allocations: 4708)


Started GET "/users/1/edit" for ::1 at 2020-01-19 14:06:18 -0800
Processing by UsersController#edit as HTML
  Parameters: {"id"=>"1"}
  Rendering users/edit.html.erb within layouts/application
  Rendered users/_form.html.erb (Duration: 1.1ms | Allocations: 1430)
  Rendered users/edit.html.erb within layouts/application (Duration: 1.3ms | Allocations: 1497)
Completed 500 Internal Server Error in 2ms (ActiveRecord: 0.0ms | Allocations: 1950)


  
ActionView::Template::Error (undefined method `errors' for nil:NilClass):
    1: <%= form_with(model: user, local: true) do |form| %>
    2:   <% if user.errors.any? %>
    3:     <div id="error_explanation">
    4:       <h2><%= pluralize(user.errors.count, "error") %> prohibited this user from being saved:</h2>
    5: 
  
app/views/users/_form.html.erb:2
app/views/users/_form.html.erb:1
app/views/users/edit.html.erb:3
Started GET "/users" for ::1 at 2020-01-19 14:06:19 -0800
Processing by UsersController#index as HTML
  Rendering users/index.html.erb within layouts/application
  [1m[36mUser Load (0.1ms)[0m  [1m[34mSELECT "users".* FROM "users"[0m
  ↳ app/views/users/index.html.erb:15
  Rendered users/index.html.erb within layouts/application (Duration: 1.1ms | Allocations: 729)
[Webpacker] Everything's up-to-date. Nothing to do
Completed 200 OK in 8ms (Views: 7.0ms | ActiveRecord: 0.1ms | Allocations: 4712)


Started GET "/users/1" for ::1 at 2020-01-19 14:06:39 -0800
Processing by UsersController#show as HTML
  Parameters: {"id"=>"1"}
  [1m[36mUser Load (0.2ms)[0m  [1m[34mSELECT "users".* FROM "users" WHERE "users"."id" = ? LIMIT ?[0m  [["id", 1], ["LIMIT", 1]]
  ↳ app/controllers/users_controller.rb:67:in `set_user'
  Rendering users/show.html.erb within layouts/application
  Rendered users/show.html.erb within layouts/application (Duration: 0.3ms | Allocations: 83)
[Webpacker] Everything's up-to-date. Nothing to do
Completed 200 OK in 8ms (Views: 6.7ms | ActiveRecord: 0.2ms | Allocations: 4671)


Started GET "/users/1" for ::1 at 2020-01-19 14:06:48 -0800
  [1m[35m (0.1ms)[0m  [1m[34mSELECT sqlite_version(*)[0m
Processing by UsersController#show as HTML
  Parameters: {"id"=>"1"}
  [1m[36mUser Load (0.1ms)[0m  [1m[34mSELECT "users".* FROM "users" WHERE "users"."id" = ? LIMIT ?[0m  [["id", 1], ["LIMIT", 1]]
  ↳ app/controllers/users_controller.rb:67:in `set_user'
  Rendering users/show.html.erb within layouts/application
  Rendered users/show.html.erb within layouts/application (Duration: 0.2ms | Allocations: 93)
[Webpacker] Everything's up-to-date. Nothing to do
Completed 200 OK in 19ms (Views: 13.1ms | ActiveRecord: 0.6ms | Allocations: 8475)


Started GET "/users/1" for ::1 at 2020-01-19 14:06:52 -0800
Processing by UsersController#show as HTML
  Parameters: {"id"=>"1"}
  [1m[36mUser Load (0.1ms)[0m  [1m[34mSELECT "users".* FROM "users" WHERE "users"."id" = ? LIMIT ?[0m  [["id", 1], ["LIMIT", 1]]
  ↳ app/controllers/users_controller.rb:67:in `set_user'
  Rendering users/show.html.erb within layouts/application
  Rendered users/show.html.erb within layouts/application (Duration: 0.2ms | Allocations: 82)
[Webpacker] Everything's up-to-date. Nothing to do
Completed 200 OK in 8ms (Views: 6.1ms | ActiveRecord: 0.1ms | Allocations: 4559)


Started GET "/users/1/edit" for ::1 at 2020-01-19 14:06:54 -0800
Processing by UsersController#edit as HTML
  Parameters: {"id"=>"1"}
  Rendering users/edit.html.erb within layouts/application
  Rendered users/_form.html.erb (Duration: 1.2ms | Allocations: 1430)
  Rendered users/edit.html.erb within layouts/application (Duration: 1.4ms | Allocations: 1497)
Completed 500 Internal Server Error in 2ms (ActiveRecord: 0.0ms | Allocations: 1952)


  
ActionView::Template::Error (undefined method `errors' for nil:NilClass):
    1: <%= form_with(model: user, local: true) do |form| %>
    2:   <% if user.errors.any? %>
    3:     <div id="error_explanation">
    4:       <h2><%= pluralize(user.errors.count, "error") %> prohibited this user from being saved:</h2>
    5: 
  
app/views/users/_form.html.erb:2
app/views/users/_form.html.erb:1
app/views/users/edit.html.erb:3
Started GET "/users/1" for ::1 at 2020-01-19 14:06:56 -0800
Processing by UsersController#show as HTML
  Parameters: {"id"=>"1"}
  [1m[36mUser Load (0.1ms)[0m  [1m[34mSELECT "users".* FROM "users" WHERE "users"."id" = ? LIMIT ?[0m  [["id", 1], ["LIMIT", 1]]
  ↳ app/controllers/users_controller.rb:67:in `set_user'
  Rendering users/show.html.erb within layouts/application
  Rendered users/show.html.erb within layouts/application (Duration: 0.2ms | Allocations: 82)
[Webpacker] Everything's up-to-date. Nothing to do
Completed 200 OK in 7ms (Views: 6.0ms | ActiveRecord: 0.1ms | Allocations: 4564)


Started GET "/users" for ::1 at 2020-01-19 14:06:57 -0800
Processing by UsersController#index as HTML
Completed 404 Not Found in 1ms (ActiveRecord: 0.0ms | Allocations: 653)


  
ActiveRecord::RecordNotFound (Couldn't find User without an ID):
  
app/controllers/users_controller.rb:67:in `set_user'
Started GET "/users" for ::1 at 2020-01-19 14:07:01 -0800
Processing by UsersController#index as HTML
Completed 404 Not Found in 1ms (ActiveRecord: 0.0ms | Allocations: 649)


  
ActiveRecord::RecordNotFound (Couldn't find User without an ID):
  
app/controllers/users_controller.rb:67:in `set_user'
Started GET "/users" for ::1 at 2020-01-19 14:07:45 -0800
  [1m[35m (0.1ms)[0m  [1m[34mSELECT sqlite_version(*)[0m
  
SyntaxError (/Users/phillipmaceachron/Ruby/mod3/rails-mini-course-sprint1-mod3-student--starter/rails_basics/app/controllers/users_controller.rb:2: syntax error, unexpected ']', expecting =>
...:set_user, only: :index, :show]
...                              ^
/Users/phillipmaceachron/Ruby/mod3/rails-mini-course-sprint1-mod3-student--starter/rails_basics/app/controllers/users_controller.rb:29: syntax error, unexpected do (for lambda), expecting end
    respond_to do |format|
               ^~
/Users/phillipmaceachron/Ruby/mod3/rails-mini-course-sprint1-mod3-student--starter/rails_basics/app/controllers/users_controller.rb:31: syntax error, unexpected tLAMBEG
        format.html { redirect_to @user, notice: '...
                    ^
/Users/phillipmaceachron/Ruby/mod3/rails-mini-course-sprint1-mod3-student--starter/rails_basics/app/controllers/users_controller.rb:31: syntax error, unexpected '}', expecting end
...er was successfully created.' }
...                              ^
/Users/phillipmaceachron/Ruby/mod3/rails-mini-course-sprint1-mod3-student--starter/rails_basics/app/controllers/users_controller.rb:32: syntax error, unexpected tLAMBEG
        format.json { render :show, status: :creat...
                    ^
/Users/phillipmaceachron/Ruby/mod3/rails-mini-course-sprint1-mod3-student--starter/rails_basics/app/controllers/users_controller.rb:32: syntax error, unexpected '}', expecting end
...us: :created, location: @user }
...                              ^
/Users/phillipmaceachron/Ruby/mod3/rails-mini-course-sprint1-mod3-student--starter/rails_basics/app/controllers/users_controller.rb:34: syntax error, unexpected tLAMBEG
        format.html { render :new }
                    ^
/Users/phillipmaceachron/Ruby/mod3/rails-mini-course-sprint1-mod3-student--starter/rails_basics/app/controllers/users_controller.rb:34: syntax error, unexpected '}', expecting end
...    format.html { render :new }
...                              ^
/Users/phillipmaceachron/Ruby/mod3/rails-mini-course-sprint1-mod3-student--starter/rails_basics/app/controllers/users_controller.rb:35: syntax error, unexpected tLAMBEG
        format.json { render json: @user.errors, s...
                    ^
/Users/phillipmaceachron/Ruby/mod3/rails-mini-course-sprint1-mod3-student--starter/rails_basics/app/controllers/users_controller.rb:35: syntax error, unexpected '}', expecting end
...status: :unprocessable_entity }
...                              ^
/Users/phillipmaceachron/Ruby/mod3/rails-mini-course-sprint1-mod3-student--starter/rails_basics/app/controllers/users_controller.rb:43: syntax error, unexpected do (for lambda), expecting end
    respond_to do |format|
               ^~
/Users/phillipmaceachron/Ruby/mod3/rails-mini-course-sprint1-mod3-student--starter/rails_basics/app/controllers/users_controller.rb:45: syntax error, unexpected tLAMBEG
        format.html { redirect_to @user, notice: '...
                    ^
/Users/phillipmaceachron/Ruby/mod3/rails-mini-course-sprint1-mod3-student--starter/rails_basics/app/controllers/users_controller.rb:45: syntax error, unexpected '}', expecting end
...er was successfully updated.' }
...                              ^
/Users/phillipmaceachron/Ruby/mod3/rails-mini-course-sprint1-mod3-student--starter/rails_basics/app/controllers/users_controller.rb:46: syntax error, unexpected tLAMBEG
        format.json { render :show, status: :ok, l...
                    ^
/Users/phillipmaceachron/Ruby/mod3/rails-mini-course-sprint1-mod3-student--starter/rails_basics/app/controllers/users_controller.rb:46: syntax error, unexpected '}', expecting end
... status: :ok, location: @user }
...                              ^
/Users/phillipmaceachron/Ruby/mod3/rails-mini-course-sprint1-mod3-student--starter/rails_basics/app/controllers/users_controller.rb:48: syntax error, unexpected tLAMBEG
        format.html { render :edit }
                    ^
/Users/phillipmaceachron/Ruby/mod3/rails-mini-course-sprint1-mod3-student--starter/rails_basics/app/controllers/users_controller.rb:48: syntax error, unexpected '}', expecting end
...   format.html { render :edit }
...                              ^
/Users/phillipmaceachron/Ruby/mod3/rails-mini-course-sprint1-mod3-student--starter/rails_basics/app/controllers/users_controller.rb:49: syntax error, unexpected tLAMBEG
        format.json { render json: @user.errors, s...
                    ^
/Users/phillipmaceachron/Ruby/mod3/rails-mini-course-sprint1-mod3-student--starter/rails_basics/app/controllers/users_controller.rb:49: syntax error, unexpected '}', expecting end
...status: :unprocessable_entity }
...                              ^
/Users/phillipmaceachron/Ruby/mod3/rails-mini-course-sprint1-mod3-student--starter/rails_basics/app/controllers/users_controller.rb:58: syntax error, unexpected do (for lambda), expecting end
    respond_to do |format|
               ^~
/Users/phillipmaceachron/Ruby/mod3/rails-mini-course-sprint1-mod3-student--starter/rails_basics/app/controllers/users_controller.rb:59: syntax error, unexpected tLAMBEG, expecting end
      format.html { redirect_to users_url, notic...
                  ^
/Users/phillipmaceachron/Ruby/mod3/rails-mini-course-sprint1-mod3-student--starter/rails_basics/app/controllers/users_controller.rb:59: syntax error, unexpected '}', expecting end
... was successfully destroyed.' }
...                              ^
/Users/phillipmaceachron/Ruby/mod3/rails-mini-course-sprint1-mod3-student--starter/rails_basics/app/controllers/users_controller.rb:60: syntax error, unexpected tLAMBEG
      format.json { head :no_content }
                  ^
/Users/phillipmaceachron/Ruby/mod3/rails-mini-course-sprint1-mod3-student--starter/rails_basics/app/controllers/users_controller.rb:60: syntax error, unexpected '}', expecting end
...ormat.json { head :no_content }
...                              ^
/Users/phillipmaceachron/Ruby/mod3/rails-mini-course-sprint1-mod3-student--starter/rails_basics/app/controllers/users_controller.rb:74: syntax error, unexpected end-of-input, expecting end):
  
app/controllers/users_controller.rb:2: syntax error, unexpected ']', expecting =>
app/controllers/users_controller.rb:29: syntax error, unexpected do (for lambda), expecting end
app/controllers/users_controller.rb:31: syntax error, unexpected tLAMBEG
app/controllers/users_controller.rb:31: syntax error, unexpected '}', expecting end
app/controllers/users_controller.rb:32: syntax error, unexpected tLAMBEG
app/controllers/users_controller.rb:32: syntax error, unexpected '}', expecting end
app/controllers/users_controller.rb:34: syntax error, unexpected tLAMBEG
app/controllers/users_controller.rb:34: syntax error, unexpected '}', expecting end
app/controllers/users_controller.rb:35: syntax error, unexpected tLAMBEG
app/controllers/users_controller.rb:35: syntax error, unexpected '}', expecting end
app/controllers/users_controller.rb:43: syntax error, unexpected do (for lambda), expecting end
app/controllers/users_controller.rb:45: syntax error, unexpected tLAMBEG
app/controllers/users_controller.rb:45: syntax error, unexpected '}', expecting end
app/controllers/users_controller.rb:46: syntax error, unexpected tLAMBEG
app/controllers/users_controller.rb:46: syntax error, unexpected '}', expecting end
app/controllers/users_controller.rb:48: syntax error, unexpected tLAMBEG
app/controllers/users_controller.rb:48: syntax error, unexpected '}', expecting end
app/controllers/users_controller.rb:49: syntax error, unexpected tLAMBEG
app/controllers/users_controller.rb:49: syntax error, unexpected '}', expecting end
app/controllers/users_controller.rb:58: syntax error, unexpected do (for lambda), expecting end
app/controllers/users_controller.rb:59: syntax error, unexpected tLAMBEG, expecting end
app/controllers/users_controller.rb:59: syntax error, unexpected '}', expecting end
app/controllers/users_controller.rb:60: syntax error, unexpected tLAMBEG
app/controllers/users_controller.rb:60: syntax error, unexpected '}', expecting end
app/controllers/users_controller.rb:74: syntax error, unexpected end-of-input, expecting end
app/controllers/users_controller.rb:2: syntax error, unexpected ']', expecting =>
app/controllers/users_controller.rb:29: syntax error, unexpected do (for lambda), expecting end
app/controllers/users_controller.rb:31: syntax error, unexpected tLAMBEG
app/controllers/users_controller.rb:31: syntax error, unexpected '}', expecting end
app/controllers/users_controller.rb:32: syntax error, unexpected tLAMBEG
app/controllers/users_controller.rb:32: syntax error, unexpected '}', expecting end
app/controllers/users_controller.rb:34: syntax error, unexpected tLAMBEG
app/controllers/users_controller.rb:34: syntax error, unexpected '}', expecting end
app/controllers/users_controller.rb:35: syntax error, unexpected tLAMBEG
app/controllers/users_controller.rb:35: syntax error, unexpected '}', expecting end
app/controllers/users_controller.rb:43: syntax error, unexpected do (for lambda), expecting end
app/controllers/users_controller.rb:45: syntax error, unexpected tLAMBEG
app/controllers/users_controller.rb:45: syntax error, unexpected '}', expecting end
app/controllers/users_controller.rb:46: syntax error, unexpected tLAMBEG
app/controllers/users_controller.rb:46: syntax error, unexpected '}', expecting end
app/controllers/users_controller.rb:48: syntax error, unexpected tLAMBEG
app/controllers/users_controller.rb:48: syntax error, unexpected '}', expecting end
app/controllers/users_controller.rb:49: syntax error, unexpected tLAMBEG
app/controllers/users_controller.rb:49: syntax error, unexpected '}', expecting end
app/controllers/users_controller.rb:58: syntax error, unexpected do (for lambda), expecting end
app/controllers/users_controller.rb:59: syntax error, unexpected tLAMBEG, expecting end
app/controllers/users_controller.rb:59: syntax error, unexpected '}', expecting end
app/controllers/users_controller.rb:60: syntax error, unexpected tLAMBEG
app/controllers/users_controller.rb:60: syntax error, unexpected '}', expecting end
app/controllers/users_controller.rb:74: syntax error, unexpected end-of-input, expecting end
app/controllers/users_controller.rb:2: syntax error, unexpected ']', expecting =>
app/controllers/users_controller.rb:29: syntax error, unexpected do (for lambda), expecting end
app/controllers/users_controller.rb:31: syntax error, unexpected tLAMBEG
app/controllers/users_controller.rb:31: syntax error, unexpected '}', expecting end
app/controllers/users_controller.rb:32: syntax error, unexpected tLAMBEG
app/controllers/users_controller.rb:32: syntax error, unexpected '}', expecting end
app/controllers/users_controller.rb:34: syntax error, unexpected tLAMBEG
app/controllers/users_controller.rb:34: syntax error, unexpected '}', expecting end
app/controllers/users_controller.rb:35: syntax error, unexpected tLAMBEG
app/controllers/users_controller.rb:35: syntax error, unexpected '}', expecting end
app/controllers/users_controller.rb:43: syntax error, unexpected do (for lambda), expecting end
app/controllers/users_controller.rb:45: syntax error, unexpected tLAMBEG
app/controllers/users_controller.rb:45: syntax error, unexpected '}', expecting end
app/controllers/users_controller.rb:46: syntax error, unexpected tLAMBEG
app/controllers/users_controller.rb:46: syntax error, unexpected '}', expecting end
app/controllers/users_controller.rb:48: syntax error, unexpected tLAMBEG
app/controllers/users_controller.rb:48: syntax error, unexpected '}', expecting end
app/controllers/users_controller.rb:49: syntax error, unexpected tLAMBEG
app/controllers/users_controller.rb:49: syntax error, unexpected '}', expecting end
app/controllers/users_controller.rb:58: syntax error, unexpected do (for lambda), expecting end
app/controllers/users_controller.rb:59: syntax error, unexpected tLAMBEG, expecting end
app/controllers/users_controller.rb:59: syntax error, unexpected '}', expecting end
app/controllers/users_controller.rb:60: syntax error, unexpected tLAMBEG
app/controllers/users_controller.rb:60: syntax error, unexpected '}', expecting end
app/controllers/users_controller.rb:74: syntax error, unexpected end-of-input, expecting end
Started GET "/users" for ::1 at 2020-01-19 14:08:02 -0800
  [1m[35m (0.1ms)[0m  [1m[34mSELECT sqlite_version(*)[0m
Processing by UsersController#index as HTML
Completed 404 Not Found in 2ms (ActiveRecord: 0.5ms | Allocations: 1651)


  
ActiveRecord::RecordNotFound (Couldn't find User without an ID):
  
app/controllers/users_controller.rb:67:in `set_user'
Started GET "/users/1" for ::1 at 2020-01-19 14:08:04 -0800
Processing by UsersController#show as HTML
  Parameters: {"id"=>"1"}
  [1m[36mUser Load (0.2ms)[0m  [1m[34mSELECT "users".* FROM "users" WHERE "users"."id" = ? LIMIT ?[0m  [["id", 1], ["LIMIT", 1]]
  ↳ app/controllers/users_controller.rb:67:in `set_user'
  Rendering users/show.html.erb within layouts/application
  Rendered users/show.html.erb within layouts/application (Duration: 0.2ms | Allocations: 93)
[Webpacker] Everything's up-to-date. Nothing to do
Completed 200 OK in 11ms (Views: 6.2ms | ActiveRecord: 0.2ms | Allocations: 7535)


Started GET "/users" for ::1 at 2020-01-19 14:08:06 -0800
Processing by UsersController#index as HTML
Completed 404 Not Found in 1ms (ActiveRecord: 0.0ms | Allocations: 648)


  
ActiveRecord::RecordNotFound (Couldn't find User without an ID):
  
app/controllers/users_controller.rb:67:in `set_user'
Started GET "/users" for ::1 at 2020-01-19 14:08:14 -0800
  [1m[35m (0.1ms)[0m  [1m[34mSELECT sqlite_version(*)[0m
Processing by UsersController#index as HTML
  Rendering users/index.html.erb within layouts/application
  [1m[36mUser Load (0.2ms)[0m  [1m[34mSELECT "users".* FROM "users"[0m
  ↳ app/views/users/index.html.erb:15
  Rendered users/index.html.erb within layouts/application (Duration: 5.4ms | Allocations: 4086)
[Webpacker] Everything's up-to-date. Nothing to do
Completed 200 OK in 13ms (Views: 10.8ms | ActiveRecord: 0.6ms | Allocations: 8589)


Started GET "/users/1" for ::1 at 2020-01-19 14:08:17 -0800
Processing by UsersController#show as HTML
  Parameters: {"id"=>"1"}
  [1m[36mUser Load (0.2ms)[0m  [1m[34mSELECT "users".* FROM "users" WHERE "users"."id" = ? LIMIT ?[0m  [["id", 1], ["LIMIT", 1]]
  ↳ app/controllers/users_controller.rb:67:in `set_user'
  Rendering users/show.html.erb within layouts/application
  Rendered users/show.html.erb within layouts/application (Duration: 0.2ms | Allocations: 83)
[Webpacker] Everything's up-to-date. Nothing to do
Completed 200 OK in 8ms (Views: 6.4ms | ActiveRecord: 0.2ms | Allocations: 4679)


Started GET "/users" for ::1 at 2020-01-19 14:09:08 -0800
  [1m[35m (0.1ms)[0m  [1m[34mSELECT sqlite_version(*)[0m
Processing by UsersController#index as HTML
  Rendering users/index.html.erb within layouts/application
  [1m[36mUser Load (0.2ms)[0m  [1m[34mSELECT "users".* FROM "users"[0m
  ↳ app/views/users/index.html.erb:15
  Rendered users/index.html.erb within layouts/application (Duration: 5.3ms | Allocations: 4086)
[Webpacker] Everything's up-to-date. Nothing to do
Completed 200 OK in 12ms (Views: 10.5ms | ActiveRecord: 0.6ms | Allocations: 8572)


Started GET "/tasks" for ::1 at 2020-01-19 14:09:10 -0800
Processing by TasksController#index as HTML
  Rendering tasks/index.html.erb within layouts/application
  [1m[36mTask Load (0.1ms)[0m  [1m[34mSELECT "tasks".* FROM "tasks"[0m
  ↳ app/views/tasks/index.html.erb:16
  Rendered tasks/index.html.erb within layouts/application (Duration: 5.7ms | Allocations: 4472)
[Webpacker] Everything's up-to-date. Nothing to do
Completed 200 OK in 13ms (Views: 10.3ms | ActiveRecord: 0.5ms | Allocations: 8849)


Started GET "/tasks/new" for ::1 at 2020-01-19 14:09:13 -0800
Processing by TasksController#new as HTML
  Rendering tasks/new.html.erb within layouts/application
  Rendered tasks/_form.html.erb (Duration: 10.7ms | Allocations: 3076)
  Rendered tasks/new.html.erb within layouts/application (Duration: 11.0ms | Allocations: 3162)
[Webpacker] Everything's up-to-date. Nothing to do
Completed 200 OK in 18ms (Views: 17.3ms | ActiveRecord: 0.0ms | Allocations: 7152)


Started POST "/tasks" for ::1 at 2020-01-19 14:09:18 -0800
Processing by TasksController#create as HTML
  Parameters: {"authenticity_token"=>"jwAST/vIapspuJpKIFXCB7b4AeIMo8SuXK8ibrYWLdGcpGB2a+EEvVSYapGHwji0xyoe1UuyK5EywmIEcM4XNw==", "task"=>{"name"=>"thing", "priority"=>"2", "completed_at(1i)"=>"2020", "completed_at(2i)"=>"1", "completed_at(3i)"=>"19", "completed_at(4i)"=>"22", "completed_at(5i)"=>"09"}, "commit"=>"Create Task"}
  [1m[35m (0.1ms)[0m  [1m[36mbegin transaction[0m
  ↳ app/controllers/tasks_controller.rb:30:in `block in create'
  [1m[36mTask Create (0.4ms)[0m  [1m[32mINSERT INTO "tasks" ("name", "priority", "completed_at", "created_at", "updated_at") VALUES (?, ?, ?, ?, ?)[0m  [["name", "thing"], ["priority", 2], ["completed_at", "2020-01-19 22:09:00"], ["created_at", "2020-01-19 22:09:18.821879"], ["updated_at", "2020-01-19 22:09:18.821879"]]
  ↳ app/controllers/tasks_controller.rb:30:in `block in create'
  [1m[35m (0.9ms)[0m  [1m[36mcommit transaction[0m
  ↳ app/controllers/tasks_controller.rb:30:in `block in create'
Redirected to http://localhost:3000/tasks/2
Completed 302 Found in 5ms (ActiveRecord: 1.3ms | Allocations: 2741)


Started GET "/tasks/2" for ::1 at 2020-01-19 14:09:18 -0800
Processing by TasksController#show as HTML
  Parameters: {"id"=>"2"}
  [1m[36mTask Load (0.2ms)[0m  [1m[34mSELECT "tasks".* FROM "tasks" WHERE "tasks"."id" = ? LIMIT ?[0m  [["id", 2], ["LIMIT", 1]]
  ↳ app/controllers/tasks_controller.rb:67:in `set_task'
  Rendering tasks/show.html.erb within layouts/application
  Rendered tasks/show.html.erb within layouts/application (Duration: 0.3ms | Allocations: 103)
[Webpacker] Everything's up-to-date. Nothing to do
Completed 200 OK in 7ms (Views: 5.9ms | ActiveRecord: 0.2ms | Allocations: 4710)


Started GET "/tasks/2/edit" for ::1 at 2020-01-19 14:09:22 -0800
Processing by TasksController#edit as HTML
  Parameters: {"id"=>"2"}
  [1m[36mTask Load (0.1ms)[0m  [1m[34mSELECT "tasks".* FROM "tasks" WHERE "tasks"."id" = ? LIMIT ?[0m  [["id", 2], ["LIMIT", 1]]
  ↳ app/controllers/tasks_controller.rb:67:in `set_task'
  Rendering tasks/edit.html.erb within layouts/application
  Rendered tasks/_form.html.erb (Duration: 5.9ms | Allocations: 3143)
  Rendered tasks/edit.html.erb within layouts/application (Duration: 8.3ms | Allocations: 3400)
[Webpacker] Everything's up-to-date. Nothing to do
Completed 200 OK in 23ms (Views: 20.7ms | ActiveRecord: 0.1ms | Allocations: 8025)


Started GET "/tasks" for ::1 at 2020-01-19 14:09:27 -0800
Processing by TasksController#index as HTML
  Rendering tasks/index.html.erb within layouts/application
  [1m[36mTask Load (0.1ms)[0m  [1m[34mSELECT "tasks".* FROM "tasks"[0m
  ↳ app/views/tasks/index.html.erb:16
  Rendered tasks/index.html.erb within layouts/application (Duration: 2.2ms | Allocations: 898)
[Webpacker] Everything's up-to-date. Nothing to do
Completed 200 OK in 18ms (Views: 17.0ms | ActiveRecord: 0.1ms | Allocations: 4880)


Started DELETE "/tasks/2" for ::1 at 2020-01-19 14:09:33 -0800
Processing by TasksController#destroy as HTML
  Parameters: {"authenticity_token"=>"c2xJ9uxE0Q06gR/WB1JbweV0IAKQQL7IknulOlBCHw7TvfTnSk8ATZAvL5yPj7hjH6D072eYmwU1/WKEX4HDsg==", "id"=>"2"}
  [1m[36mTask Load (0.1ms)[0m  [1m[34mSELECT "tasks".* FROM "tasks" WHERE "tasks"."id" = ? LIMIT ?[0m  [["id", 2], ["LIMIT", 1]]
  ↳ app/controllers/tasks_controller.rb:67:in `set_task'
  [1m[35m (0.0ms)[0m  [1m[36mbegin transaction[0m
  ↳ app/controllers/tasks_controller.rb:57:in `destroy'
  [1m[36mTask Destroy (0.3ms)[0m  [1m[31mDELETE FROM "tasks" WHERE "tasks"."id" = ?[0m  [["id", 2]]
  ↳ app/controllers/tasks_controller.rb:57:in `destroy'
  [1m[35m (0.8ms)[0m  [1m[36mcommit transaction[0m
  ↳ app/controllers/tasks_controller.rb:57:in `destroy'
Redirected to http://localhost:3000/tasks
Completed 302 Found in 7ms (ActiveRecord: 1.3ms | Allocations: 2583)


Started GET "/tasks" for ::1 at 2020-01-19 14:09:33 -0800
Processing by TasksController#index as HTML
  Rendering tasks/index.html.erb within layouts/application
  [1m[36mTask Load (0.1ms)[0m  [1m[34mSELECT "tasks".* FROM "tasks"[0m
  ↳ app/views/tasks/index.html.erb:16
  Rendered tasks/index.html.erb within layouts/application (Duration: 2.4ms | Allocations: 750)
[Webpacker] Everything's up-to-date. Nothing to do
Completed 200 OK in 15ms (Views: 13.5ms | ActiveRecord: 0.1ms | Allocations: 4746)


Started GET "/tasks/new" for ::1 at 2020-01-19 14:09:35 -0800
Processing by TasksController#new as HTML
  Rendering tasks/new.html.erb within layouts/application
  Rendered tasks/_form.html.erb (Duration: 2.9ms | Allocations: 3071)
  Rendered tasks/new.html.erb within layouts/application (Duration: 3.1ms | Allocations: 3157)
[Webpacker] Everything's up-to-date. Nothing to do
Completed 200 OK in 11ms (Views: 10.3ms | ActiveRecord: 0.0ms | Allocations: 7147)


Started POST "/tasks" for ::1 at 2020-01-19 14:09:39 -0800
Processing by TasksController#create as HTML
  Parameters: {"authenticity_token"=>"nONkVhR17V81DtlfOgHN7e24fELNew9pWim1VGv0T5WPRxZvhFyDeUguKYSdljdenGpjdYpq4FY0RPU+rSx1cw==", "task"=>{"name"=>"thing 2", "priority"=>"4", "completed_at(1i)"=>"2020", "completed_at(2i)"=>"1", "completed_at(3i)"=>"19", "completed_at(4i)"=>"22", "completed_at(5i)"=>"09"}, "commit"=>"Create Task"}
  [1m[35m (0.1ms)[0m  [1m[36mbegin transaction[0m
  ↳ app/controllers/tasks_controller.rb:30:in `block in create'
  [1m[36mTask Create (0.4ms)[0m  [1m[32mINSERT INTO "tasks" ("name", "priority", "completed_at", "created_at", "updated_at") VALUES (?, ?, ?, ?, ?)[0m  [["name", "thing 2"], ["priority", 4], ["completed_at", "2020-01-19 22:09:00"], ["created_at", "2020-01-19 22:09:39.882279"], ["updated_at", "2020-01-19 22:09:39.882279"]]
  ↳ app/controllers/tasks_controller.rb:30:in `block in create'
  [1m[35m (0.8ms)[0m  [1m[36mcommit transaction[0m
  ↳ app/controllers/tasks_controller.rb:30:in `block in create'
Redirected to http://localhost:3000/tasks/3
Completed 302 Found in 5ms (ActiveRecord: 1.2ms | Allocations: 2705)


Started GET "/tasks/3" for ::1 at 2020-01-19 14:09:39 -0800
Processing by TasksController#show as HTML
  Parameters: {"id"=>"3"}
  [1m[36mTask Load (0.1ms)[0m  [1m[34mSELECT "tasks".* FROM "tasks" WHERE "tasks"."id" = ? LIMIT ?[0m  [["id", 3], ["LIMIT", 1]]
  ↳ app/controllers/tasks_controller.rb:67:in `set_task'
  Rendering tasks/show.html.erb within layouts/application
  Rendered tasks/show.html.erb within layouts/application (Duration: 0.3ms | Allocations: 103)
[Webpacker] Everything's up-to-date. Nothing to do
Completed 200 OK in 7ms (Views: 5.9ms | ActiveRecord: 0.1ms | Allocations: 4600)


Started GET "/tasks" for ::1 at 2020-01-19 14:09:41 -0800
Processing by TasksController#index as HTML
  Rendering tasks/index.html.erb within layouts/application
  [1m[36mTask Load (0.1ms)[0m  [1m[34mSELECT "tasks".* FROM "tasks"[0m
  ↳ app/views/tasks/index.html.erb:16
  Rendered tasks/index.html.erb within layouts/application (Duration: 1.7ms | Allocations: 895)
[Webpacker] Everything's up-to-date. Nothing to do
Completed 200 OK in 9ms (Views: 8.5ms | ActiveRecord: 0.1ms | Allocations: 4870)


Started GET "/tasks" for ::1 at 2020-01-19 14:09:48 -0800
  [1m[35m (0.1ms)[0m  [1m[34mSELECT sqlite_version(*)[0m
Processing by TasksController#index as HTML
  Rendering tasks/index.html.erb within layouts/application
  [1m[36mTask Load (0.2ms)[0m  [1m[34mSELECT "tasks".* FROM "tasks"[0m
  ↳ app/views/tasks/index.html.erb:16
  Rendered tasks/index.html.erb within layouts/application (Duration: 6.4ms | Allocations: 4867)
[Webpacker] Everything's up-to-date. Nothing to do
Completed 200 OK in 14ms (Views: 12.1ms | ActiveRecord: 0.6ms | Allocations: 9357)


Started DELETE "/tasks/3" for ::1 at 2020-01-19 14:09:52 -0800
Processing by TasksController#destroy as HTML
  Parameters: {"authenticity_token"=>"0rSgdXoqJQuPMRblfm7V1FRSMYlgSt3pKjS9GYY/EsFyZR1k3CH0SyWfJq/2szZ2roblZJeS+CSNsnqnifzOfQ==", "id"=>"3"}
Completed 500 Internal Server Error in 1ms (ActiveRecord: 0.0ms | Allocations: 1011)


  
NoMethodError (undefined method `destroy' for nil:NilClass):
  
app/controllers/tasks_controller.rb:57:in `destroy'
Started GET "/tasks" for ::1 at 2020-01-19 14:09:57 -0800
Processing by TasksController#index as HTML
  Rendering tasks/index.html.erb within layouts/application
  [1m[36mTask Load (0.1ms)[0m  [1m[34mSELECT "tasks".* FROM "tasks"[0m
  ↳ app/views/tasks/index.html.erb:16
  Rendered tasks/index.html.erb within layouts/application (Duration: 1.4ms | Allocations: 894)
[Webpacker] Everything's up-to-date. Nothing to do
Completed 200 OK in 19ms (Views: 6.7ms | ActiveRecord: 0.1ms | Allocations: 4873)


  [1m[35m (1.2ms)[0m  [1m[34mSELECT sqlite_version(*)[0m
  [1m[35m (0.1ms)[0m  [1m[36mbegin transaction[0m
  [1m[36mUser Create (0.4ms)[0m  [1m[32mINSERT INTO "users" ("created_at", "updated_at") VALUES (?, ?)[0m  [["created_at", "2020-01-19 22:15:57.697228"], ["updated_at", "2020-01-19 22:15:57.697228"]]
  [1m[35m (0.7ms)[0m  [1m[36mcommit transaction[0m
  [1m[35m (0.1ms)[0m  [1m[36mbegin transaction[0m
  [1m[36mUser Update (0.3ms)[0m  [1m[33mUPDATE "users" SET "email" = ?, "updated_at" = ? WHERE "users"."id" = ?[0m  [["email", "phil.mac@email.com"], ["updated_at", "2020-01-19 22:16:28.627131"], ["id", 2]]
  [1m[35m (0.9ms)[0m  [1m[36mcommit transaction[0m
Started GET "/users" for ::1 at 2020-01-19 14:16:39 -0800
  [1m[35m (0.1ms)[0m  [1m[34mSELECT sqlite_version(*)[0m
Processing by UsersController#index as HTML
  Rendering users/index.html.erb within layouts/application
  [1m[36mUser Load (0.2ms)[0m  [1m[34mSELECT "users".* FROM "users"[0m
  ↳ app/views/users/index.html.erb:15
  Rendered users/index.html.erb within layouts/application (Duration: 6.5ms | Allocations: 4170)
[Webpacker] Everything's up-to-date. Nothing to do
Completed 200 OK in 15ms (Views: 12.6ms | ActiveRecord: 0.7ms | Allocations: 8652)


  [1m[35m (0.1ms)[0m  [1m[36mbegin transaction[0m
  [1m[36mUser Update (0.5ms)[0m  [1m[33mUPDATE "users" SET "active" = ?, "updated_at" = ? WHERE "users"."id" = ?[0m  [["active", 1], ["updated_at", "2020-01-19 22:16:58.469087"], ["id", 2]]
  [1m[35m (1.2ms)[0m  [1m[36mcommit transaction[0m
Started GET "/users" for ::1 at 2020-01-19 14:17:01 -0800
Processing by UsersController#index as HTML
  Rendering users/index.html.erb within layouts/application
  [1m[36mUser Load (0.2ms)[0m  [1m[34mSELECT "users".* FROM "users"[0m
  ↳ app/views/users/index.html.erb:15
  Rendered users/index.html.erb within layouts/application (Duration: 1.5ms | Allocations: 855)
[Webpacker] Everything's up-to-date. Nothing to do
Completed 200 OK in 11ms (Views: 10.2ms | ActiveRecord: 0.2ms | Allocations: 4839)


  [1m[35m (0.1ms)[0m  [1m[36mbegin transaction[0m
  [1m[36mUser Create (0.5ms)[0m  [1m[32mINSERT INTO "users" ("created_at", "updated_at") VALUES (?, ?)[0m  [["created_at", "2020-01-19 22:17:18.350740"], ["updated_at", "2020-01-19 22:17:18.350740"]]
  [1m[35m (1.3ms)[0m  [1m[36mcommit transaction[0m
Started GET "/users" for ::1 at 2020-01-19 14:17:33 -0800
Processing by UsersController#index as HTML
  Rendering users/index.html.erb within layouts/application
  [1m[36mUser Load (0.1ms)[0m  [1m[34mSELECT "users".* FROM "users"[0m
  ↳ app/views/users/index.html.erb:15
  Rendered users/index.html.erb within layouts/application (Duration: 1.2ms | Allocations: 976)
[Webpacker] Everything's up-to-date. Nothing to do
Completed 200 OK in 10ms (Views: 8.9ms | ActiveRecord: 0.1ms | Allocations: 4956)


  [1m[35m (0.1ms)[0m  [1m[36mbegin transaction[0m
  [1m[36mUser Update (0.4ms)[0m  [1m[33mUPDATE "users" SET "email" = ?, "updated_at" = ? WHERE "users"."id" = ?[0m  [["email", "bob@email.com"], ["updated_at", "2020-01-19 22:17:42.054045"], ["id", 3]]
  [1m[35m (0.9ms)[0m  [1m[36mcommit transaction[0m
Started GET "/users" for ::1 at 2020-01-19 14:17:44 -0800
Processing by UsersController#index as HTML
  Rendering users/index.html.erb within layouts/application
  [1m[36mUser Load (0.1ms)[0m  [1m[34mSELECT "users".* FROM "users"[0m
  ↳ app/views/users/index.html.erb:15
  Rendered users/index.html.erb within layouts/application (Duration: 1.4ms | Allocations: 979)
[Webpacker] Everything's up-to-date. Nothing to do
Completed 200 OK in 8ms (Views: 7.5ms | ActiveRecord: 0.1ms | Allocations: 4955)


  [1m[35m (0.1ms)[0m  [1m[36mbegin transaction[0m
  [1m[36mUser Update (0.5ms)[0m  [1m[33mUPDATE "users" SET "active" = ?, "updated_at" = ? WHERE "users"."id" = ?[0m  [["active", 1], ["updated_at", "2020-01-19 22:17:54.361815"], ["id", 3]]
  [1m[35m (3.1ms)[0m  [1m[36mcommit transaction[0m
Started GET "/users" for ::1 at 2020-01-19 14:17:56 -0800
Processing by UsersController#index as HTML
  Rendering users/index.html.erb within layouts/application
  [1m[36mUser Load (0.2ms)[0m  [1m[34mSELECT "users".* FROM "users"[0m
  ↳ app/views/users/index.html.erb:15
  Rendered users/index.html.erb within layouts/application (Duration: 1.4ms | Allocations: 982)
[Webpacker] Everything's up-to-date. Nothing to do
Completed 200 OK in 8ms (Views: 7.7ms | ActiveRecord: 0.2ms | Allocations: 4957)


